{"meta": {"format": 3, "version": "7.10.6", "timestamp": "2025-10-28T12:19:58.296999", "branch_coverage": false, "show_contexts": false}, "files": {"tests/__init__.py": {"executed_lines": [0], "summary": {"covered_lines": 0, "num_statements": 0, "percent_covered": 100.0, "percent_covered_display": "100", "missing_lines": 0, "excluded_lines": 0}, "missing_lines": [], "excluded_lines": [], "functions": {"": {"executed_lines": [], "summary": {"covered_lines": 0, "num_statements": 0, "percent_covered": 100.0, "percent_covered_display": "100", "missing_lines": 0, "excluded_lines": 0}, "missing_lines": [], "excluded_lines": []}}, "classes": {"": {"executed_lines": [], "summary": {"covered_lines": 0, "num_statements": 0, "percent_covered": 100.0, "percent_covered_display": "100", "missing_lines": 0, "excluded_lines": 0}, "missing_lines": [], "excluded_lines": []}}}, "tests/test_kv_engine.py": {"executed_lines": [1, 3, 4, 5, 6, 8, 9, 14, 15, 17, 18, 20, 21, 23, 24, 26, 27, 32, 34, 36, 38, 41, 42, 43, 45, 47, 48, 50, 52, 53, 54, 56, 58, 59, 60, 63, 64, 66, 68, 69, 71, 73, 74, 75, 77, 80, 81, 82, 84, 85, 86, 87, 88, 90, 93, 94, 97, 100, 101, 103, 106, 107, 108, 111, 112, 113, 116, 117, 118, 120, 122, 123, 125, 126, 127, 129, 131, 132, 134, 135, 137, 139, 140, 141, 142, 144, 146, 147, 149, 150, 151, 153, 155, 156, 157, 159, 161, 162, 164, 165, 167, 169, 170, 171, 172, 174, 177, 178, 181, 182, 183, 185, 187, 190, 191, 194, 195, 198, 199, 202, 203, 204, 206, 209, 212, 213, 216], "summary": {"covered_lines": 125, "num_statements": 127, "percent_covered": 98.4251968503937, "percent_covered_display": "98", "missing_lines": 2, "excluded_lines": 0}, "missing_lines": [10, 11], "excluded_lines": [], "functions": {"TestPyKVEngine.temp_dir": {"executed_lines": [20, 21], "summary": {"covered_lines": 2, "num_statements": 2, "percent_covered": 100.0, "percent_covered_display": "100", "missing_lines": 0, "excluded_lines": 0}, "missing_lines": [], "excluded_lines": []}, "TestPyKVEngine.kv_engine": {"executed_lines": [26, 27, 32], "summary": {"covered_lines": 3, "num_statements": 3, "percent_covered": 100.0, "percent_covered_display": "100", "missing_lines": 0, "excluded_lines": 0}, "missing_lines": [], "excluded_lines": []}, "TestPyKVEngine.test_engine_creation": {"executed_lines": [36], "summary": {"covered_lines": 1, "num_statements": 1, "percent_covered": 100.0, "percent_covered_display": "100", "missing_lines": 0, "excluded_lines": 0}, "missing_lines": [], "excluded_lines": []}, "TestPyKVEngine.test_basic_set_get": {"executed_lines": [41, 42, 43], "summary": {"covered_lines": 3, "num_statements": 3, "percent_covered": 100.0, "percent_covered_display": "100", "missing_lines": 0, "excluded_lines": 0}, "missing_lines": [], "excluded_lines": []}, "TestPyKVEngine.test_get_nonexistent_key": {"executed_lines": [47, 48], "summary": {"covered_lines": 2, "num_statements": 2, "percent_covered": 100.0, "percent_covered_display": "100", "missing_lines": 0, "excluded_lines": 0}, "missing_lines": [], "excluded_lines": []}, "TestPyKVEngine.test_set_with_ttl": {"executed_lines": [52, 53, 54], "summary": {"covered_lines": 3, "num_statements": 3, "percent_covered": 100.0, "percent_covered_display": "100", "missing_lines": 0, "excluded_lines": 0}, "missing_lines": [], "excluded_lines": []}, "TestPyKVEngine.test_delete_key": {"executed_lines": [58, 59, 60, 63, 64], "summary": {"covered_lines": 5, "num_statements": 5, "percent_covered": 100.0, "percent_covered_display": "100", "missing_lines": 0, "excluded_lines": 0}, "missing_lines": [], "excluded_lines": []}, "TestPyKVEngine.test_delete_nonexistent_key": {"executed_lines": [68, 69], "summary": {"covered_lines": 2, "num_statements": 2, "percent_covered": 100.0, "percent_covered_display": "100", "missing_lines": 0, "excluded_lines": 0}, "missing_lines": [], "excluded_lines": []}, "TestPyKVEngine.test_exists_key": {"executed_lines": [73, 74, 75], "summary": {"covered_lines": 3, "num_statements": 3, "percent_covered": 100.0, "percent_covered_display": "100", "missing_lines": 0, "excluded_lines": 0}, "missing_lines": [], "excluded_lines": []}, "TestPyKVEngine.test_keys_operation": {"executed_lines": [80, 81, 82, 84, 85, 86, 87, 88], "summary": {"covered_lines": 8, "num_statements": 8, "percent_covered": 100.0, "percent_covered_display": "100", "missing_lines": 0, "excluded_lines": 0}, "missing_lines": [], "excluded_lines": []}, "TestPyKVEngine.test_clear_database": {"executed_lines": [93, 94, 97, 100, 101], "summary": {"covered_lines": 5, "num_statements": 5, "percent_covered": 100.0, "percent_covered_display": "100", "missing_lines": 0, "excluded_lines": 0}, "missing_lines": [], "excluded_lines": []}, "TestPyKVEngine.test_multiple_databases": {"executed_lines": [106, 107, 108, 111, 112, 113, 116, 117, 118], "summary": {"covered_lines": 9, "num_statements": 9, "percent_covered": 100.0, "percent_covered_display": "100", "missing_lines": 0, "excluded_lines": 0}, "missing_lines": [], "excluded_lines": []}, "TestPyKVEngine.test_unicode_strings": {"executed_lines": [122, 123, 125, 126, 127], "summary": {"covered_lines": 5, "num_statements": 5, "percent_covered": 100.0, "percent_covered_display": "100", "missing_lines": 0, "excluded_lines": 0}, "missing_lines": [], "excluded_lines": []}, "TestPyKVEngine.test_empty_strings": {"executed_lines": [131, 132, 134, 135], "summary": {"covered_lines": 4, "num_statements": 4, "percent_covered": 100.0, "percent_covered_display": "100", "missing_lines": 0, "excluded_lines": 0}, "missing_lines": [], "excluded_lines": []}, "TestPyKVEngine.test_large_values": {"executed_lines": [139, 140, 141, 142], "summary": {"covered_lines": 4, "num_statements": 4, "percent_covered": 100.0, "percent_covered_display": "100", "missing_lines": 0, "excluded_lines": 0}, "missing_lines": [], "excluded_lines": []}, "TestPyKVEngine.test_special_characters": {"executed_lines": [146, 147, 149, 150, 151], "summary": {"covered_lines": 5, "num_statements": 5, "percent_covered": 100.0, "percent_covered_display": "100", "missing_lines": 0, "excluded_lines": 0}, "missing_lines": [], "excluded_lines": []}, "TestPyKVEngine.test_numeric_strings": {"executed_lines": [155, 156, 157], "summary": {"covered_lines": 3, "num_statements": 3, "percent_covered": 100.0, "percent_covered_display": "100", "missing_lines": 0, "excluded_lines": 0}, "missing_lines": [], "excluded_lines": []}, "TestPyKVEngine.test_boolean_strings": {"executed_lines": [161, 162, 164, 165], "summary": {"covered_lines": 4, "num_statements": 4, "percent_covered": 100.0, "percent_covered_display": "100", "missing_lines": 0, "excluded_lines": 0}, "missing_lines": [], "excluded_lines": []}, "TestPyKVEngine.test_json_like_strings": {"executed_lines": [169, 170, 171, 172], "summary": {"covered_lines": 4, "num_statements": 4, "percent_covered": 100.0, "percent_covered_display": "100", "missing_lines": 0, "excluded_lines": 0}, "missing_lines": [], "excluded_lines": []}, "TestPyKVEngine.test_concurrent_operations": {"executed_lines": [177, 178, 181, 182, 183], "summary": {"covered_lines": 5, "num_statements": 5, "percent_covered": 100.0, "percent_covered_display": "100", "missing_lines": 0, "excluded_lines": 0}, "missing_lines": [], "excluded_lines": []}, "TestPyKVEngine.test_mixed_operations": {"executed_lines": [187, 190, 191, 194, 195, 198, 199, 202, 203, 204], "summary": {"covered_lines": 10, "num_statements": 10, "percent_covered": 100.0, "percent_covered_display": "100", "missing_lines": 0, "excluded_lines": 0}, "missing_lines": [], "excluded_lines": []}, "TestPyKVEngine.test_engine_cleanup": {"executed_lines": [209, 212, 213, 216], "summary": {"covered_lines": 4, "num_statements": 4, "percent_covered": 100.0, "percent_covered_display": "100", "missing_lines": 0, "excluded_lines": 0}, "missing_lines": [], "excluded_lines": []}, "": {"executed_lines": [1, 3, 4, 5, 6, 8, 9, 14, 15, 17, 18, 23, 24, 34, 38, 45, 50, 56, 66, 71, 77, 90, 103, 120, 129, 137, 144, 153, 159, 167, 174, 185, 206], "summary": {"covered_lines": 31, "num_statements": 33, "percent_covered": 93.93939393939394, "percent_covered_display": "94", "missing_lines": 2, "excluded_lines": 0}, "missing_lines": [10, 11], "excluded_lines": []}}, "classes": {"TestPyKVEngine": {"executed_lines": [20, 21, 26, 27, 32, 36, 41, 42, 43, 47, 48, 52, 53, 54, 58, 59, 60, 63, 64, 68, 69, 73, 74, 75, 80, 81, 82, 84, 85, 86, 87, 88, 93, 94, 97, 100, 101, 106, 107, 108, 111, 112, 113, 116, 117, 118, 122, 123, 125, 126, 127, 131, 132, 134, 135, 139, 140, 141, 142, 146, 147, 149, 150, 151, 155, 156, 157, 161, 162, 164, 165, 169, 170, 171, 172, 177, 178, 181, 182, 183, 187, 190, 191, 194, 195, 198, 199, 202, 203, 204, 209, 212, 213, 216], "summary": {"covered_lines": 94, "num_statements": 94, "percent_covered": 100.0, "percent_covered_display": "100", "missing_lines": 0, "excluded_lines": 0}, "missing_lines": [], "excluded_lines": []}, "": {"executed_lines": [1, 3, 4, 5, 6, 8, 9, 14, 15, 17, 18, 23, 24, 34, 38, 45, 50, 56, 66, 71, 77, 90, 103, 120, 129, 137, 144, 153, 159, 167, 174, 185, 206], "summary": {"covered_lines": 31, "num_statements": 33, "percent_covered": 93.93939393939394, "percent_covered_display": "94", "missing_lines": 2, "excluded_lines": 0}, "missing_lines": [10, 11], "excluded_lines": []}}}}, "totals": {"covered_lines": 125, "num_statements": 127, "percent_covered": 98.4251968503937, "percent_covered_display": "98", "missing_lines": 2, "excluded_lines": 0}}